<?xml version="1.0" encoding="UTF-8"?>
<!-- Generated by org.testng.reporters.JUnitReportReporter -->
<testsuite hostname="VIGYAN-L-PC13" name="TestNG.LogIn" tests="1" failures="0" timestamp="21 Mar 2018 08:36:36 GMT" time="7.708" errors="0">
  <testcase name="login" time="7.708" classname="TestNG.LogIn"/>
</testsuite> <!-- TestNG.LogIn -->
