<?xml version="1.0" encoding="UTF-8"?>
<!-- Generated by org.testng.reporters.JUnitReportReporter -->
<testsuite hostname="VIGYAN-L-PC13" name="ngtest.LoginTest" tests="1" failures="0" timestamp="26 Mar 2018 09:55:40 GMT" time="0.024" errors="0">
  <testcase name="Login" time="0.024" classname="ngtest.LoginTest"/>
</testsuite> <!-- ngtest.LoginTest -->
